[ 2016-12-21T15:10:52+08:00 ] 36.45.160.69 /BlogAdmin/Blog/delete/id/52
ERR: SQLSTATE[42000]: Syntax error or access violation: 1064 You have an error in your SQL syntax; check the manual that corresponds to your MySQL server version for the right syntax to use near 'WHERE `id` = 52' at line 1

[ 2016-12-21T15:11:02+08:00 ] 36.45.160.69 /BlogAdmin/Blog/delete/id/52
ERR: SQLSTATE[42000]: Syntax error or access violation: 1064 You have an error in your SQL syntax; check the manual that corresponds to your MySQL server version for the right syntax to use near 'WHERE `id` = 52' at line 1

[ 2016-12-21T15:11:28+08:00 ] 36.45.160.69 /BlogAdmin/Blog/delete/id/52
ERR: SQLSTATE[42000]: Syntax error or access violation: 1064 You have an error in your SQL syntax; check the manual that corresponds to your MySQL server version for the right syntax to use near 'WHERE `id` = 52' at line 1

[ 2016-12-21T15:27:52+08:00 ] 36.45.160.69 /BlogAdmin/Blog/index
INFO: [ app_init ] --START--
INFO: Run Behavior\BuildLiteBehavior [ RunTime:0.000030s ]
INFO: [ app_init ] --END-- [ RunTime:0.000608s ]
INFO: [ app_begin ] --START--
INFO: Run Behavior\ReadHtmlCacheBehavior [ RunTime:0.000729s ]
INFO: [ app_begin ] --END-- [ RunTime:0.000823s ]
SQL: SHOW COLUMNS FROM `tb_blog` [ RunTime:0.0018s ]
SQL: SHOW COLUMNS FROM `tb_blog_cate` [ RunTime:0.0015s ]
SQL: SELECT COUNT(*) AS tp_count FROM tb_blog blog  JOIN tb_blog_cate blog_cate ON blog.cid = blog_cate.id LIMIT 1   [ RunTime:0.0010s ]
SQL: SELECT blog.id AS id,blog.cid AS cid,blog.title AS title,blog.click AS click,blog.addtime AS addtime,blog.blogpic AS blogpic,blog_cate.name AS name FROM tb_blog blog  JOIN tb_blog_cate blog_cate ON blog.cid = blog_cate.id ORDER BY blog.addtime DESC LIMIT 0,8   [ RunTime:0.0014s ]
INFO: [ view_parse ] --START--
INFO: [ template_filter ] --START--
INFO: Run Behavior\ContentReplaceBehavior [ RunTime:0.000061s ]
INFO: [ template_filter ] --END-- [ RunTime:0.000153s ]
INFO: Run Behavior\ParseTemplateBehavior [ RunTime:0.012944s ]
INFO: [ view_parse ] --END-- [ RunTime:0.013034s ]
INFO: [ view_filter ] --START--
INFO: Run Behavior\WriteHtmlCacheBehavior [ RunTime:0.000383s ]
INFO: [ view_filter ] --END-- [ RunTime:0.000460s ]
INFO: [ app_end ] --START--
INFO: Run Behavior\ShowPageTraceBehavior [ RunTime:0.000770s ]
INFO: [ app_end ] --END-- [ RunTime:0.000853s ]

[ 2016-12-21T15:27:56+08:00 ] 36.45.160.69 /BlogAdmin/Blog/delete/id/52
INFO: [ app_init ] --START--
INFO: Run Behavior\BuildLiteBehavior [ RunTime:0.000026s ]
INFO: [ app_init ] --END-- [ RunTime:0.000568s ]
INFO: [ app_begin ] --START--
INFO: Run Behavior\ReadHtmlCacheBehavior [ RunTime:0.000674s ]
INFO: [ app_begin ] --END-- [ RunTime:0.000796s ]
SQL: SHOW COLUMNS FROM `tb_blog` [ RunTime:0.0027s ]
NOTIC: [8] Undefined variable: set /www/users/HA86908/WEB/ThinkPHP/Library/Think/Db/Driver.class.php 第 376 行.
NOTIC: [2] implode(): Invalid arguments passed /www/users/HA86908/WEB/ThinkPHP/Library/Think/Db/Driver.class.php 第 376 行.
ERR: SQLSTATE[42000]: Syntax error or access violation: 1064 You have an error in your SQL syntax; check the manual that corresponds to your MySQL server version for the right syntax to use near 'WHERE `id` = 52' at line 1

[ 2016-12-21T15:28:58+08:00 ] 36.45.160.69 /BlogAdmin/Blog/index
INFO: [ app_init ] --START--
INFO: Run Behavior\BuildLiteBehavior [ RunTime:0.000025s ]
INFO: [ app_init ] --END-- [ RunTime:0.000551s ]
INFO: [ app_begin ] --START--
INFO: Run Behavior\ReadHtmlCacheBehavior [ RunTime:0.000670s ]
INFO: [ app_begin ] --END-- [ RunTime:0.000790s ]
SQL: SHOW COLUMNS FROM `tb_blog` [ RunTime:0.0019s ]
SQL: SHOW COLUMNS FROM `tb_blog_cate` [ RunTime:0.0014s ]
SQL: SELECT COUNT(*) AS tp_count FROM tb_blog blog  JOIN tb_blog_cate blog_cate ON blog.cid = blog_cate.id LIMIT 1   [ RunTime:0.0016s ]
SQL: SELECT blog.id AS id,blog.cid AS cid,blog.title AS title,blog.click AS click,blog.addtime AS addtime,blog.blogpic AS blogpic,blog_cate.name AS name FROM tb_blog blog  JOIN tb_blog_cate blog_cate ON blog.cid = blog_cate.id ORDER BY blog.addtime DESC LIMIT 0,8   [ RunTime:0.0014s ]
INFO: [ view_parse ] --START--
INFO: [ template_filter ] --START--
INFO: Run Behavior\ContentReplaceBehavior [ RunTime:0.000053s ]
INFO: [ template_filter ] --END-- [ RunTime:0.000137s ]
INFO: Run Behavior\ParseTemplateBehavior [ RunTime:0.012370s ]
INFO: [ view_parse ] --END-- [ RunTime:0.012461s ]
INFO: [ view_filter ] --START--
INFO: Run Behavior\WriteHtmlCacheBehavior [ RunTime:0.000334s ]
INFO: [ view_filter ] --END-- [ RunTime:0.000410s ]
INFO: [ app_end ] --START--
INFO: Run Behavior\ShowPageTraceBehavior [ RunTime:0.000765s ]
INFO: [ app_end ] --END-- [ RunTime:0.000848s ]

[ 2016-12-21T15:32:03+08:00 ] 36.45.160.69 /BlogAdmin/Blog/index
INFO: [ app_init ] --START--
INFO: Run Behavior\BuildLiteBehavior [ RunTime:0.000107s ]
INFO: [ app_init ] --END-- [ RunTime:0.000686s ]
INFO: [ app_begin ] --START--
INFO: Run Behavior\ReadHtmlCacheBehavior [ RunTime:0.000804s ]
INFO: [ app_begin ] --END-- [ RunTime:0.000898s ]
SQL: SHOW COLUMNS FROM `tb_blog` [ RunTime:0.0019s ]
SQL: SHOW COLUMNS FROM `tb_blog_cate` [ RunTime:0.0017s ]
SQL: SELECT COUNT(*) AS tp_count FROM tb_blog blog  JOIN tb_blog_cate blog_cate ON blog.cid = blog_cate.id LIMIT 1   [ RunTime:0.0011s ]
SQL: SELECT blog.id AS id,blog.cid AS cid,blog.title AS title,blog.click AS click,blog.addtime AS addtime,blog.blogpic AS blogpic,blog_cate.name AS name FROM tb_blog blog  JOIN tb_blog_cate blog_cate ON blog.cid = blog_cate.id ORDER BY blog.addtime DESC LIMIT 0,8   [ RunTime:0.0020s ]
INFO: [ view_parse ] --START--
INFO: [ template_filter ] --START--
INFO: Run Behavior\ContentReplaceBehavior [ RunTime:0.000055s ]
INFO: [ template_filter ] --END-- [ RunTime:0.000173s ]
INFO: Run Behavior\ParseTemplateBehavior [ RunTime:0.013110s ]
INFO: [ view_parse ] --END-- [ RunTime:0.013204s ]
INFO: [ view_filter ] --START--
INFO: Run Behavior\WriteHtmlCacheBehavior [ RunTime:0.000438s ]
INFO: [ view_filter ] --END-- [ RunTime:0.000518s ]
INFO: [ app_end ] --START--
INFO: Run Behavior\ShowPageTraceBehavior [ RunTime:0.000839s ]
INFO: [ app_end ] --END-- [ RunTime:0.000930s ]

[ 2016-12-21T15:32:09+08:00 ] 36.45.160.69 /BlogAdmin/Blog/delete/id/52
INFO: [ app_init ] --START--
INFO: Run Behavior\BuildLiteBehavior [ RunTime:0.000027s ]
INFO: [ app_init ] --END-- [ RunTime:0.000561s ]
INFO: [ app_begin ] --START--
INFO: Run Behavior\ReadHtmlCacheBehavior [ RunTime:0.000726s ]
INFO: [ app_begin ] --END-- [ RunTime:0.000819s ]
SQL: SHOW COLUMNS FROM `tb_blog` [ RunTime:0.0042s ]
SQL: DELETE FROM `tb_blog` WHERE `id` = 52 [ RunTime:0.0376s ]
SQL: SELECT `blogpic` FROM `tb_blog` WHERE `id` = 52 LIMIT 1   [ RunTime:0.0010s ]
INFO: [ view_parse ] --START--
INFO: [ template_filter ] --START--
INFO: Run Behavior\ContentReplaceBehavior [ RunTime:0.000055s ]
INFO: [ template_filter ] --END-- [ RunTime:0.000168s ]
INFO: Run Behavior\ParseTemplateBehavior [ RunTime:0.009248s ]
INFO: [ view_parse ] --END-- [ RunTime:0.009342s ]
INFO: [ view_filter ] --START--
INFO: Run Behavior\WriteHtmlCacheBehavior [ RunTime:0.000363s ]
INFO: [ view_filter ] --END-- [ RunTime:0.000438s ]
INFO: [ app_end ] --START--
INFO: Run Behavior\ShowPageTraceBehavior [ RunTime:0.000778s ]
INFO: [ app_end ] --END-- [ RunTime:0.000858s ]

[ 2016-12-21T15:32:10+08:00 ] 36.45.160.69 /BlogAdmin/Blog/index
INFO: [ app_init ] --START--
INFO: Run Behavior\BuildLiteBehavior [ RunTime:0.000026s ]
INFO: [ app_init ] --END-- [ RunTime:0.000539s ]
INFO: [ app_begin ] --START--
INFO: Run Behavior\ReadHtmlCacheBehavior [ RunTime:0.000739s ]
INFO: [ app_begin ] --END-- [ RunTime:0.000837s ]
SQL: SHOW COLUMNS FROM `tb_blog` [ RunTime:0.0018s ]
SQL: SHOW COLUMNS FROM `tb_blog_cate` [ RunTime:0.0013s ]
SQL: SELECT COUNT(*) AS tp_count FROM tb_blog blog  JOIN tb_blog_cate blog_cate ON blog.cid = blog_cate.id LIMIT 1   [ RunTime:0.0012s ]
SQL: SELECT blog.id AS id,blog.cid AS cid,blog.title AS title,blog.click AS click,blog.addtime AS addtime,blog.blogpic AS blogpic,blog_cate.name AS name FROM tb_blog blog  JOIN tb_blog_cate blog_cate ON blog.cid = blog_cate.id ORDER BY blog.addtime DESC LIMIT 0,8   [ RunTime:0.0014s ]
INFO: [ view_parse ] --START--
INFO: [ template_filter ] --START--
INFO: Run Behavior\ContentReplaceBehavior [ RunTime:0.000057s ]
INFO: [ template_filter ] --END-- [ RunTime:0.000146s ]
INFO: Run Behavior\ParseTemplateBehavior [ RunTime:0.012676s ]
INFO: [ view_parse ] --END-- [ RunTime:0.012769s ]
INFO: [ view_filter ] --START--
INFO: Run Behavior\WriteHtmlCacheBehavior [ RunTime:0.000372s ]
INFO: [ view_filter ] --END-- [ RunTime:0.000450s ]
INFO: [ app_end ] --START--
INFO: Run Behavior\ShowPageTraceBehavior [ RunTime:0.000714s ]
INFO: [ app_end ] --END-- [ RunTime:0.000804s ]

